2019-04-26 12:22:36 [scrapy.utils.log] INFO: Scrapy 1.6.0 started (bot: meinv)
2019-04-26 12:22:36 [scrapy.utils.log] INFO: Versions: lxml 4.3.3.0, libxml2 2.9.9, cssselect 1.0.3, parsel 1.5.1, w3lib 1.20.0, Twisted 19.2.0, Python 3.6.1 (v3.6.1:69c0db5050, Mar 21 2017, 01:21:04) - [GCC 4.2.1 (Apple Inc. build 5666) (dot 3)], pyOpenSSL 19.0.0 (OpenSSL 1.1.1b  26 Feb 2019), cryptography 2.6.1, Platform Darwin-18.5.0-x86_64-i386-64bit
2019-04-26 12:22:36 [scrapy.crawler] INFO: Overridden settings: {'BOT_NAME': 'meinv', 'LOG_FILE': 'logs/meinv/mv/e9be891e67da11e9a3c87831c1cc4a2e.log', 'NEWSPIDER_MODULE': 'meinv.spiders', 'ROBOTSTXT_OBEY': True, 'SPIDER_MODULES': ['meinv.spiders']}
2019-04-26 12:22:36 [scrapy.extensions.telnet] INFO: Telnet Password: e1b99ac7c2cb7e29
2019-04-26 12:22:37 [scrapy.middleware] INFO: Enabled extensions:
['scrapy.extensions.corestats.CoreStats',
 'scrapy.extensions.telnet.TelnetConsole',
 'scrapy.extensions.memusage.MemoryUsage',
 'scrapy.extensions.logstats.LogStats']
2019-04-26 12:22:37 [scrapy.middleware] INFO: Enabled downloader middlewares:
['scrapy.downloadermiddlewares.robotstxt.RobotsTxtMiddleware',
 'scrapy.downloadermiddlewares.httpauth.HttpAuthMiddleware',
 'scrapy.downloadermiddlewares.downloadtimeout.DownloadTimeoutMiddleware',
 'scrapy.downloadermiddlewares.defaultheaders.DefaultHeadersMiddleware',
 'scrapy.downloadermiddlewares.useragent.UserAgentMiddleware',
 'scrapy.downloadermiddlewares.retry.RetryMiddleware',
 'scrapy.downloadermiddlewares.redirect.MetaRefreshMiddleware',
 'scrapy.downloadermiddlewares.httpcompression.HttpCompressionMiddleware',
 'scrapy.downloadermiddlewares.redirect.RedirectMiddleware',
 'scrapy.downloadermiddlewares.cookies.CookiesMiddleware',
 'scrapy.downloadermiddlewares.httpproxy.HttpProxyMiddleware',
 'scrapy.downloadermiddlewares.stats.DownloaderStats']
2019-04-26 12:22:37 [scrapy.middleware] INFO: Enabled spider middlewares:
['scrapy.spidermiddlewares.httperror.HttpErrorMiddleware',
 'scrapy.spidermiddlewares.offsite.OffsiteMiddleware',
 'scrapy.spidermiddlewares.referer.RefererMiddleware',
 'scrapy.spidermiddlewares.urllength.UrlLengthMiddleware',
 'scrapy.spidermiddlewares.depth.DepthMiddleware']
2019-04-26 12:22:37 [scrapy.middleware] INFO: Enabled item pipelines:
['meinv.pipelines.MvImagePipeline']
2019-04-26 12:22:37 [scrapy.core.engine] INFO: Spider opened
2019-04-26 12:22:37 [scrapy.extensions.logstats] INFO: Crawled 0 pages (at 0 pages/min), scraped 0 items (at 0 items/min)
2019-04-26 12:22:37 [scrapy.extensions.telnet] INFO: Telnet console listening on 127.0.0.1:6023
2019-04-26 12:22:58 [scrapy.core.engine] DEBUG: Crawled (404) <GET http://www.meinv.hk/robots.txt> (referer: None)
2019-04-26 12:23:37 [scrapy.extensions.logstats] INFO: Crawled 1 pages (at 1 pages/min), scraped 0 items (at 0 items/min)
2019-04-26 12:23:47 [scrapy.crawler] INFO: Received SIGTERM, shutting down gracefully. Send again to force 
2019-04-26 12:23:47 [scrapy.core.engine] INFO: Closing spider (shutdown)
2019-04-26 12:24:07 [scrapy.crawler] INFO: Received SIGINT twice, forcing unclean shutdown
2019-04-26 12:24:07 [scrapy.core.downloader.handlers.http11] WARNING: Got data loss in http://www.meinv.hk/?cat=2. If you want to process broken responses set the setting DOWNLOAD_FAIL_ON_DATALOSS = False -- This message won't be shown in further requests
2019-04-26 12:24:07 [scrapy.downloadermiddlewares.retry] DEBUG: Retrying <GET http://www.meinv.hk/?cat=2> (failed 1 times): [<twisted.python.failure.Failure twisted.internet.error.ConnectionLost: Connection to the other side was lost in a non-clean fashion: Connection lost.>, <twisted.python.failure.Failure twisted.web.http._DataLoss: >]
2019-04-26 12:24:07 [scrapy.statscollectors] INFO: Dumping Scrapy stats:
{'downloader/exception_count': 1,
 'downloader/exception_type_count/twisted.web._newclient.ResponseFailed': 1,
 'downloader/request_bytes': 438,
 'downloader/request_count': 2,
 'downloader/request_method_count/GET': 2,
 'downloader/response_bytes': 1278,
 'downloader/response_count': 1,
 'downloader/response_status_count/404': 1,
 'finish_reason': 'shutdown',
 'finish_time': datetime.datetime(2019, 4, 26, 4, 24, 7, 64598),
 'log_count/DEBUG': 2,
 'log_count/INFO': 12,
 'log_count/WARNING': 1,
 'memusage/max': 72462336,
 'memusage/startup': 71610368,
 'response_received_count': 1,
 'retry/count': 1,
 'retry/reason_count/twisted.web._newclient.ResponseFailed': 1,
 'robotstxt/request_count': 1,
 'robotstxt/response_count': 1,
 'robotstxt/response_status_count/404': 1,
 'scheduler/dequeued': 1,
 'scheduler/dequeued/memory': 1,
 'scheduler/enqueued': 2,
 'scheduler/enqueued/memory': 2,
 'start_time': datetime.datetime(2019, 4, 26, 4, 22, 37, 212466)}
2019-04-26 12:24:07 [scrapy.core.engine] INFO: Spider closed (shutdown)
